<?xml version="1.0" encoding="UTF-8"?>
<!-- Generated by org.testng.reporters.JUnitXMLReporter -->
<testsuite ignored="0" hostname="VUI-19-320215" failures="1" tests="1" name="Test" time="0.071" errors="0" timestamp="2020-11-26T23:21:38 ICT">
  <testcase classname="AppFunctions.AppFunctions.StoreManagement.StoreManagement.EditStore" name="Test01_Editvalidvalue" time="0.032">
    <failure type="java.lang.NullPointerException" message="Cannot invoke &amp;quot;org.openqa.selenium.WebDriver.findElement(org.openqa.selenium.By)&amp;quot; because &amp;quot;this.driver&amp;quot; is null">
        <![CDATA[java.lang.NullPointerException: Cannot invoke "org.openqa.selenium.WebDriver.findElement(org.openqa.selenium.By)" because "this.driver" is null
at PageObject.AppFunctions.AppFunctions.StoreManagement.StoreManagement.ViewStorePage.setStoreCode(ViewStorePage.java:27)
at PageObject.AppFunctions.AppFunctions.StoreManagement.StoreManagement.ViewStorePage.searchByStoreCode(ViewStorePage.java:55)
at AppFunctions.AppFunctions.StoreManagement.StoreManagement.EditStore.Test01_Editvalidvalue(EditStore.java:62)
at java.base/java.util.ArrayList.forEach(ArrayList.java:1511)
... Removed 27 stack frames]]>
    </failure>
  </testcase> <!-- Test01_Editvalidvalue -->
</testsuite> <!-- Test -->
