<?xml version="1.0" encoding="UTF-8"?>
<testng-results skipped="0" failed="1" ignored="0" total="2" passed="1">
  <reporter-output>
  </reporter-output>
  <suite name="Command line suite" duration-ms="30761" started-at="2021-03-31T14:28:18 ICT" finished-at="2021-03-31T14:28:49 ICT">
    <groups>
      <group name="Referral Challenge">
        <method signature="TestCreateRefChallenge.testCreateNewRefChallenge()[pri:0, instance:TestSuites.ReferralChallenge.TestCreateRefChallenge@31ef45e3]" name="testCreateNewRefChallenge" class="TestSuites.ReferralChallenge.TestCreateRefChallenge"/>
        <method signature="TestListRefChallenge.TestCase01_TextBoxIsDisplayed()[pri:0, instance:TestSuites.ReferralChallenge.TestListRefChallenge@598067a5]" name="TestCase01_TextBoxIsDisplayed" class="TestSuites.ReferralChallenge.TestListRefChallenge"/>
      </group> <!-- Referral Challenge -->
    </groups>
    <test name="Command line test" duration-ms="30761" started-at="2021-03-31T14:28:18 ICT" finished-at="2021-03-31T14:28:49 ICT">
      <class name="TestSuites.ReferralChallenge.TestCreateRefChallenge">
        <test-method status="PASS" signature="beforeTest()[pri:0, instance:TestSuites.ReferralChallenge.TestCreateRefChallenge@31ef45e3]" name="beforeTest" is-config="true" duration-ms="7269" started-at="2021-03-31T14:28:18 ICT" description="Open Chrome browser and navigate to Referral Challenge Listing Page" finished-at="2021-03-31T14:28:25 ICT">
          <reporter-output>
          </reporter-output>
        </test-method> <!-- beforeTest -->
        <test-method status="FAIL" signature="testCreateNewRefChallenge()[pri:0, instance:TestSuites.ReferralChallenge.TestCreateRefChallenge@31ef45e3]" name="testCreateNewRefChallenge" duration-ms="13876" started-at="2021-03-31T14:28:25 ICT" description="Test Create New Referral Challenge" finished-at="2021-03-31T14:28:39 ICT">
          <exception class="org.openqa.selenium.NoSuchElementException">
            <message>
              <![CDATA[no such element: Unable to locate element: {"method":"css selector","selector":".\/\/button\[\@type\=\'button\'\]\[\@class\=\'ant\-btn\ ant\-btn\-sm\'\]"}
  (Session info: chrome=89.0.4389.90)
For documentation on this error, please visit: https://www.seleniumhq.org/exceptions/no_such_element.html
Build info: version: '3.141.59', revision: 'e82be7d358', time: '2018-11-14T08:17:03'
System info: host: 'VUI-20-149L4M', ip: '192.168.56.1', os.name: 'Windows 10', os.arch: 'amd64', os.version: '10.0', java.version: '1.8.0_181'
Driver info: org.openqa.selenium.chrome.ChromeDriver
Capabilities {acceptInsecureCerts: false, browserName: chrome, browserVersion: 89.0.4389.90, chrome: {chromedriverVersion: 89.0.4389.23 (61b08ee2c5002..., userDataDir: C:\Users\CAPDUY~1\AppData\L...}, goog:chromeOptions: {debuggerAddress: localhost:63038}, javascriptEnabled: true, networkConnectionEnabled: false, pageLoadStrategy: normal, platform: WINDOWS, platformName: WINDOWS, proxy: Proxy(), setWindowRect: true, strictFileInteractability: false, timeouts: {implicit: 0, pageLoad: 300000, script: 30000}, unhandledPromptBehavior: dismiss and notify, webauthn:extension:largeBlob: true, webauthn:virtualAuthenticators: true}
Session ID: 45953c777c71ae0bbcda4a68762e0029
*** Element info: {Using=class name, value=//button[@type='button'][@class='ant-btn ant-btn-sm']}]]>
            </message>
            <full-stacktrace>
              <![CDATA[org.openqa.selenium.NoSuchElementException: no such element: Unable to locate element: {"method":"css selector","selector":".\/\/button\[\@type\=\'button\'\]\[\@class\=\'ant\-btn\ ant\-btn\-sm\'\]"}
  (Session info: chrome=89.0.4389.90)
For documentation on this error, please visit: https://www.seleniumhq.org/exceptions/no_such_element.html
Build info: version: '3.141.59', revision: 'e82be7d358', time: '2018-11-14T08:17:03'
System info: host: 'VUI-20-149L4M', ip: '192.168.56.1', os.name: 'Windows 10', os.arch: 'amd64', os.version: '10.0', java.version: '1.8.0_181'
Driver info: org.openqa.selenium.chrome.ChromeDriver
Capabilities {acceptInsecureCerts: false, browserName: chrome, browserVersion: 89.0.4389.90, chrome: {chromedriverVersion: 89.0.4389.23 (61b08ee2c5002..., userDataDir: C:\Users\CAPDUY~1\AppData\L...}, goog:chromeOptions: {debuggerAddress: localhost:63038}, javascriptEnabled: true, networkConnectionEnabled: false, pageLoadStrategy: normal, platform: WINDOWS, platformName: WINDOWS, proxy: Proxy(), setWindowRect: true, strictFileInteractability: false, timeouts: {implicit: 0, pageLoad: 300000, script: 30000}, unhandledPromptBehavior: dismiss and notify, webauthn:extension:largeBlob: true, webauthn:virtualAuthenticators: true}
Session ID: 45953c777c71ae0bbcda4a68762e0029
*** Element info: {Using=class name, value=//button[@type='button'][@class='ant-btn ant-btn-sm']}
at sun.reflect.NativeConstructorAccessorImpl.newInstance0(Native Method)
at sun.reflect.NativeConstructorAccessorImpl.newInstance(NativeConstructorAccessorImpl.java:62)
at sun.reflect.DelegatingConstructorAccessorImpl.newInstance(DelegatingConstructorAccessorImpl.java:45)
at java.lang.reflect.Constructor.newInstance(Constructor.java:423)
at org.openqa.selenium.remote.http.W3CHttpResponseCodec.createException(W3CHttpResponseCodec.java:187)
at org.openqa.selenium.remote.http.W3CHttpResponseCodec.decode(W3CHttpResponseCodec.java:122)
at org.openqa.selenium.remote.http.W3CHttpResponseCodec.decode(W3CHttpResponseCodec.java:49)
at org.openqa.selenium.remote.HttpCommandExecutor.execute(HttpCommandExecutor.java:158)
at org.openqa.selenium.remote.service.DriverCommandExecutor.execute(DriverCommandExecutor.java:83)
at org.openqa.selenium.remote.RemoteWebDriver.execute(RemoteWebDriver.java:552)
at org.openqa.selenium.remote.RemoteWebDriver.findElement(RemoteWebDriver.java:323)
at org.openqa.selenium.remote.RemoteWebDriver.findElementByClassName(RemoteWebDriver.java:412)
at org.openqa.selenium.By$ByClassName.findElement(By.java:389)
at org.openqa.selenium.remote.RemoteWebDriver.findElement(RemoteWebDriver.java:315)
at PageObject.Image.ImagePageObjects.addImageButton(ImagePageObjects.java:20)
at AppFunctions.ReferralChallenge.CreateReferralChallenge.testCreateNewRefChallenge(CreateReferralChallenge.java:19)
at TestSuites.ReferralChallenge.TestCreateRefChallenge.testCreateNewRefChallenge(TestCreateRefChallenge.java:43)
at sun.reflect.NativeMethodAccessorImpl.invoke0(Native Method)
at sun.reflect.NativeMethodAccessorImpl.invoke(NativeMethodAccessorImpl.java:62)
at sun.reflect.DelegatingMethodAccessorImpl.invoke(DelegatingMethodAccessorImpl.java:43)
at java.lang.reflect.Method.invoke(Method.java:498)
at org.testng.internal.MethodInvocationHelper.invokeMethod(MethodInvocationHelper.java:134)
at org.testng.internal.TestInvoker.invokeMethod(TestInvoker.java:597)
at org.testng.internal.TestInvoker.invokeTestMethod(TestInvoker.java:173)
at org.testng.internal.MethodRunner.runInSequence(MethodRunner.java:46)
at org.testng.internal.TestInvoker$MethodInvocationAgent.invoke(TestInvoker.java:816)
at org.testng.internal.TestInvoker.invokeTestMethods(TestInvoker.java:146)
at org.testng.internal.TestMethodWorker.invokeTestMethods(TestMethodWorker.java:146)
at org.testng.internal.TestMethodWorker.run(TestMethodWorker.java:128)
at java.util.ArrayList.forEach(ArrayList.java:1257)
at org.testng.TestRunner.privateRun(TestRunner.java:766)
at org.testng.TestRunner.run(TestRunner.java:587)
at org.testng.SuiteRunner.runTest(SuiteRunner.java:384)
at org.testng.SuiteRunner.runSequentially(SuiteRunner.java:378)
at org.testng.SuiteRunner.privateRun(SuiteRunner.java:337)
at org.testng.SuiteRunner.run(SuiteRunner.java:286)
at org.testng.SuiteRunnerWorker.runSuite(SuiteRunnerWorker.java:53)
at org.testng.SuiteRunnerWorker.run(SuiteRunnerWorker.java:96)
at org.testng.TestNG.runSuitesSequentially(TestNG.java:1187)
at org.testng.TestNG.runSuitesLocally(TestNG.java:1109)
at org.testng.TestNG.runSuites(TestNG.java:1039)
at org.testng.TestNG.run(TestNG.java:1007)
at org.apache.maven.surefire.testng.TestNGExecutor.run(TestNGExecutor.java:77)
at org.apache.maven.surefire.testng.TestNGDirectoryTestSuite.executeMulti(TestNGDirectoryTestSuite.java:159)
at org.apache.maven.surefire.testng.TestNGDirectoryTestSuite.execute(TestNGDirectoryTestSuite.java:99)
at org.apache.maven.surefire.testng.TestNGProvider.invoke(TestNGProvider.java:106)
at sun.reflect.NativeMethodAccessorImpl.invoke0(Native Method)
at sun.reflect.NativeMethodAccessorImpl.invoke(NativeMethodAccessorImpl.java:62)
at sun.reflect.DelegatingMethodAccessorImpl.invoke(DelegatingMethodAccessorImpl.java:43)
at java.lang.reflect.Method.invoke(Method.java:498)
at org.apache.maven.surefire.util.ReflectionUtils.invokeMethodWithArray(ReflectionUtils.java:189)
at org.apache.maven.surefire.booter.ProviderFactory$ProviderProxy.invoke(ProviderFactory.java:165)
at org.apache.maven.surefire.booter.ProviderFactory.invokeProvider(ProviderFactory.java:85)
at org.apache.maven.surefire.booter.ForkedBooter.runSuitesInProcess(ForkedBooter.java:115)
at org.apache.maven.surefire.booter.ForkedBooter.main(ForkedBooter.java:75)
]]>
            </full-stacktrace>
          </exception> <!-- org.openqa.selenium.NoSuchElementException -->
          <reporter-output>
          </reporter-output>
        </test-method> <!-- testCreateNewRefChallenge -->
        <test-method status="PASS" signature="closeBrowser()[pri:0, instance:TestSuites.ReferralChallenge.TestCreateRefChallenge@31ef45e3]" name="closeBrowser" is-config="true" duration-ms="0" started-at="2021-03-31T14:28:39 ICT" finished-at="2021-03-31T14:28:39 ICT">
          <reporter-output>
          </reporter-output>
        </test-method> <!-- closeBrowser -->
      </class> <!-- TestSuites.ReferralChallenge.TestCreateRefChallenge -->
      <class name="TestSuites.ReferralChallenge.TestListRefChallenge">
        <test-method status="PASS" signature="beforeTest()[pri:0, instance:TestSuites.ReferralChallenge.TestListRefChallenge@598067a5]" name="beforeTest" is-config="true" duration-ms="9362" started-at="2021-03-31T14:28:39 ICT" description="Open Chrome browser and navigate to Referral Challenge Listing Page" finished-at="2021-03-31T14:28:49 ICT">
          <reporter-output>
          </reporter-output>
        </test-method> <!-- beforeTest -->
        <test-method status="PASS" signature="TestCase01_TextBoxIsDisplayed()[pri:0, instance:TestSuites.ReferralChallenge.TestListRefChallenge@598067a5]" name="TestCase01_TextBoxIsDisplayed" duration-ms="200" started-at="2021-03-31T14:28:49 ICT" description="Test Displaying of TextBoxes Referral Challenge Listing Page" finished-at="2021-03-31T14:28:49 ICT">
          <reporter-output>
          </reporter-output>
        </test-method> <!-- TestCase01_TextBoxIsDisplayed -->
        <test-method status="PASS" signature="closeBrowser()[pri:0, instance:TestSuites.ReferralChallenge.TestListRefChallenge@598067a5]" name="closeBrowser" is-config="true" duration-ms="1" started-at="2021-03-31T14:28:49 ICT" finished-at="2021-03-31T14:28:49 ICT">
          <reporter-output>
          </reporter-output>
        </test-method> <!-- closeBrowser -->
      </class> <!-- TestSuites.ReferralChallenge.TestListRefChallenge -->
    </test> <!-- Command line test -->
  </suite> <!-- Command line suite -->
</testng-results>
